2803:C 30 Dec 16:31:10.036 # Warning: no config file specified, using the default config. In order to specify a config file use redis-server /path/to/redis.conf
2803:M 30 Dec 16:31:10.038 * Increased maximum number of open files to 10032 (it was originally set to 4864).
                _._                                                  
           _.-``__ ''-._                                             
      _.-``    `.  `_.  ''-._           Redis 3.2.11 (00000000/0) 64 bit
  .-`` .-```.  ```\/    _.,_ ''-._                                   
 (    '      ,       .-`  | `,    )     Running in standalone mode
 |`-._`-...-` __...-.``-._|'` _.-'|     Port: 6379
 |    `-._   `._    /     _.-'    |     PID: 2803
  `-._    `-._  `-./  _.-'    _.-'                                   
 |`-._`-._    `-.__.-'    _.-'_.-'|                                  
 |    `-._`-._        _.-'_.-'    |           http://redis.io        
  `-._    `-._`-.__.-'_.-'    _.-'                                   
 |`-._`-._    `-.__.-'    _.-'_.-'|                                  
 |    `-._`-._        _.-'_.-'    |                                  
  `-._    `-._`-.__.-'_.-'    _.-'                                   
      `-._    `-.__.-'    _.-'                                       
          `-._        _.-'                                           
              `-.__.-'                                               

2803:M 30 Dec 16:31:10.042 # Server started, Redis version 3.2.11
2803:M 30 Dec 16:31:10.042 * The server is now ready to accept connections on port 6379
{ Error: ENOENT: no such file or directory, open '/Users/dbarr/.redis-commander'
    at Error (native)
  errno: -2,
  code: 'ENOENT',
  syscall: 'open',
  path: '/Users/dbarr/.redis-commander' }
No config found or was invalid.
Using default configuration.
No Save: true
listening on  0.0.0.0 : 9099
Redis Connection localhost:6379 Using Redis DB #0
No config found.
Using default configuration.
loading keys by prefix ""
found 0 keys for ""
2803:M 30 Dec 16:42:57.785 * 100 changes in 300 seconds. Saving...
2803:M 30 Dec 16:42:57.786 * Background saving started by pid 5199
5199:C 30 Dec 16:42:57.788 * DB saved on disk
2803:M 30 Dec 16:42:57.890 * Background saving terminated with success
loading keys by prefix ""
found 78 keys for ""
No config found.
Using default configuration.
loading keys by prefix ""
found 78 keys for ""
loading key "TRAFFIC.dr5rky" from "localhost:6379:0"
No config found.
Using default configuration.
loading key "TRAFFIC.dr72j3" from "localhost:6379:0"
loading key "TRAFFIC.dr72jj" from "localhost:6379:0"
loading key "WT.dr72jh" from "localhost:6379:0"
loading key "WT.dr5rz4" from "localhost:6379:0"
loading key "WT.dr5ryj" from "localhost:6379:0"
loading key "WT.dr72j3" from "localhost:6379:0"
loading key "WT.dr72jh" from "localhost:6379:0"
loading key "TRAFFIC.dr72jn" from "localhost:6379:0"
loading key "TRAFFIC.dr72jj" from "localhost:6379:0"
loading key "TRAFFIC.dr72j5" from "localhost:6379:0"
loading key "TRAFFIC.dr72j3" from "localhost:6379:0"
loading key "TRAFFIC.dr72jj" from "localhost:6379:0"
loading keys by prefix ""
found 117 keys for ""
No config found.
Using default configuration.
loading keys by prefix ""
found 117 keys for ""
loading key "SD.dr5rks" from "localhost:6379:0"
No config found.
Using default configuration.
loading key "SD.dr5rs3" from "localhost:6379:0"
loading key "SD.dr5rt7" from "localhost:6379:0"
loading key "SD.dr5rv1" from "localhost:6379:0"
loading key "SD.dr5rv6" from "localhost:6379:0"
loading key "SD.dr5rt7" from "localhost:6379:0"
loading key "SD.dr5rs3" from "localhost:6379:0"
loading key "SD.dr72j5" from "localhost:6379:0"
2803:M 30 Dec 16:52:43.578 * 100 changes in 300 seconds. Saving...
2803:M 30 Dec 16:52:43.578 * Background saving started by pid 7291
7291:C 30 Dec 16:52:43.581 * DB saved on disk
2803:M 30 Dec 16:52:43.679 * Background saving terminated with success
2803:M 30 Dec 17:04:46.545 * 100 changes in 300 seconds. Saving...
2803:M 30 Dec 17:04:46.545 * Background saving started by pid 10479
10479:C 30 Dec 17:04:46.549 * DB saved on disk
2803:M 30 Dec 17:04:46.650 * Background saving terminated with success
2803:M 30 Dec 17:12:24.521 * 100 changes in 300 seconds. Saving...
2803:M 30 Dec 17:12:24.522 * Background saving started by pid 12901
12901:C 30 Dec 17:12:24.525 * DB saved on disk
2803:M 30 Dec 17:12:24.622 * Background saving terminated with success
2803:M 30 Dec 17:18:25.753 * 100 changes in 300 seconds. Saving...
2803:M 30 Dec 17:18:25.753 * Background saving started by pid 15311
15311:C 30 Dec 17:18:25.756 * DB saved on disk
2803:M 30 Dec 17:18:25.855 * Background saving terminated with success
loading keys by prefix ""
found 78 keys for ""
loading key "SD.dr72jn" from "localhost:6379:0"
loading key "SD.dr72jk" from "localhost:6379:0"
loading key "SD.dr72jh" from "localhost:6379:0"
2803:M 30 Dec 17:47:54.417 * DB saved on disk
No config found.
Using default configuration.
loading keys by prefix ""
found 0 keys for ""
No config found.
Using default configuration.
loading keys by prefix ""
found 78 keys for ""
No config found.
Using default configuration.
2803:M 30 Dec 17:51:41.823 * DB saved on disk
loading keys by prefix ""
found 0 keys for ""
loading keys by prefix ""
found 0 keys for ""
No config found.
Using default configuration.
loading keys by prefix ""
found 78 keys for ""
No config found.
Using default configuration.
2803:M 30 Dec 17:56:42.059 * 100 changes in 300 seconds. Saving...
2803:M 30 Dec 17:56:42.059 * Background saving started by pid 21772
21772:C 30 Dec 17:56:42.063 * DB saved on disk
2803:M 30 Dec 17:56:42.160 * Background saving terminated with success
No config found.
Using default configuration.
loading keys by prefix ""
found 78 keys for ""
2803:signal-handler (1514639881) Received SIGTERM scheduling shutdown...
2803:M 30 Dec 18:48:01.992 # User requested shutdown...
2803:M 30 Dec 18:48:01.992 * Saving the final RDB snapshot before exiting.
2803:M 30 Dec 18:48:01.993 * DB saved on disk
2803:M 30 Dec 18:48:01.993 # Redis is now ready to exit, bye bye...
7477:C 31 Dec 10:17:57.113 # Warning: no config file specified, using the default config. In order to specify a config file use redis-server /path/to/redis.conf
7477:M 31 Dec 10:17:57.115 * Increased maximum number of open files to 10032 (it was originally set to 4864).
                _._                                                  
           _.-``__ ''-._                                             
      _.-``    `.  `_.  ''-._           Redis 3.2.11 (00000000/0) 64 bit
  .-`` .-```.  ```\/    _.,_ ''-._                                   
 (    '      ,       .-`  | `,    )     Running in standalone mode
 |`-._`-...-` __...-.``-._|'` _.-'|     Port: 6379
 |    `-._   `._    /     _.-'    |     PID: 7477
  `-._    `-._  `-./  _.-'    _.-'                                   
 |`-._`-._    `-.__.-'    _.-'_.-'|                                  
 |    `-._`-._        _.-'_.-'    |           http://redis.io        
  `-._    `-._`-.__.-'_.-'    _.-'                                   
 |`-._`-._    `-.__.-'    _.-'_.-'|                                  
 |    `-._`-._        _.-'_.-'    |                                  
  `-._    `-._`-.__.-'_.-'    _.-'                                   
      `-._    `-.__.-'    _.-'                                       
          `-._        _.-'                                           
              `-.__.-'                                               

7477:M 31 Dec 10:17:57.120 # Server started, Redis version 3.2.11
7477:M 31 Dec 10:17:57.121 * DB loaded from disk: 0.001 seconds
7477:M 31 Dec 10:17:57.121 * The server is now ready to accept connections on port 6379
{ Error: ENOENT: no such file or directory, open '/Users/dbarr/.redis-commander'
    at Error (native)
  errno: -2,
  code: 'ENOENT',
  syscall: 'open',
  path: '/Users/dbarr/.redis-commander' }
No config found or was invalid.
Using default configuration.
No Save: true
listening on  0.0.0.0 : 9099
Redis Connection localhost:6379 Using Redis DB #0
No config found.
Using default configuration.
loading keys by prefix ""
found 39 keys for ""
7477:M 31 Dec 10:18:13.857 * DB saved on disk
No config found.
Using default configuration.
loading keys by prefix ""
found 0 keys for ""
No config found.
Using default configuration.
loading keys by prefix ""
found 39 keys for ""
7477:M 31 Dec 10:46:03.379 * 100 changes in 300 seconds. Saving...
7477:M 31 Dec 10:46:03.381 * Background saving started by pid 12971
12971:C 31 Dec 10:46:03.383 * DB saved on disk
7477:M 31 Dec 10:46:03.481 * Background saving terminated with success
7477:M 31 Dec 10:51:04.083 * 100 changes in 300 seconds. Saving...
7477:M 31 Dec 10:51:04.083 * Background saving started by pid 14637
14637:C 31 Dec 10:51:04.084 * DB saved on disk
7477:M 31 Dec 10:51:04.188 * Background saving terminated with success
7477:M 31 Dec 10:56:05.073 * 100 changes in 300 seconds. Saving...
7477:M 31 Dec 10:56:05.073 * Background saving started by pid 14842
14842:C 31 Dec 10:56:05.076 * DB saved on disk
7477:M 31 Dec 10:56:05.178 * Background saving terminated with success
7477:M 31 Dec 11:01:06.083 * 100 changes in 300 seconds. Saving...
7477:M 31 Dec 11:01:06.084 * Background saving started by pid 16167
16167:C 31 Dec 11:01:06.086 * DB saved on disk
7477:M 31 Dec 11:01:06.185 * Background saving terminated with success
7477:M 31 Dec 11:09:06.018 * 100 changes in 300 seconds. Saving...
7477:M 31 Dec 11:09:06.019 * Background saving started by pid 16811
16811:C 31 Dec 11:09:06.022 * DB saved on disk
7477:M 31 Dec 11:09:06.123 * Background saving terminated with success
7477:M 31 Dec 11:15:35.587 * 100 changes in 300 seconds. Saving...
7477:M 31 Dec 11:15:35.587 * Background saving started by pid 17024
17024:C 31 Dec 11:15:35.589 * DB saved on disk
7477:M 31 Dec 11:15:35.687 * Background saving terminated with success
7477:M 31 Dec 12:41:12.003 * 1 changes in 3600 seconds. Saving...
7477:M 31 Dec 12:41:12.006 * Background saving started by pid 20726
20726:C 31 Dec 12:41:13.150 * DB saved on disk
7477:M 31 Dec 12:41:13.174 * Background saving terminated with success
7477:signal-handler (1514789699) Received SIGTERM scheduling shutdown...
7477:M 01 Jan 12:24:59.803 # User requested shutdown...
7477:M 01 Jan 12:24:59.803 * Saving the final RDB snapshot before exiting.
7477:M 01 Jan 12:24:59.806 * DB saved on disk
7477:M 01 Jan 12:24:59.806 # Redis is now ready to exit, bye bye...
25734:C 01 Jan 15:07:00.143 # Warning: no config file specified, using the default config. In order to specify a config file use redis-server /path/to/redis.conf
25734:M 01 Jan 15:07:00.144 * Increased maximum number of open files to 10032 (it was originally set to 4864).
                _._                                                  
           _.-``__ ''-._                                             
      _.-``    `.  `_.  ''-._           Redis 3.2.11 (00000000/0) 64 bit
  .-`` .-```.  ```\/    _.,_ ''-._                                   
 (    '      ,       .-`  | `,    )     Running in standalone mode
 |`-._`-...-` __...-.``-._|'` _.-'|     Port: 6379
 |    `-._   `._    /     _.-'    |     PID: 25734
  `-._    `-._  `-./  _.-'    _.-'                                   
 |`-._`-._    `-.__.-'    _.-'_.-'|                                  
 |    `-._`-._        _.-'_.-'    |           http://redis.io        
  `-._    `-._`-.__.-'_.-'    _.-'                                   
 |`-._`-._    `-.__.-'    _.-'_.-'|                                  
 |    `-._`-._        _.-'_.-'    |                                  
  `-._    `-._`-.__.-'_.-'    _.-'                                   
      `-._    `-.__.-'    _.-'                                       
          `-._        _.-'                                           
              `-.__.-'                                               

25734:M 01 Jan 15:07:00.147 # Server started, Redis version 3.2.11
25734:M 01 Jan 15:07:00.147 * DB loaded from disk: 0.000 seconds
25734:M 01 Jan 15:07:00.147 * The server is now ready to accept connections on port 6379
{ Error: ENOENT: no such file or directory, open '/Users/dbarr/.redis-commander'
    at Error (native)
  errno: -2,
  code: 'ENOENT',
  syscall: 'open',
  path: '/Users/dbarr/.redis-commander' }
No config found or was invalid.
Using default configuration.
No Save: true
listening on  0.0.0.0 : 9099
Redis Connection localhost:6379 Using Redis DB #0
No config found.
Using default configuration.
loading keys by prefix ""
found 39 keys for ""
25734:M 01 Jan 15:07:08.974 * DB saved on disk
No config found.
Using default configuration.
loading keys by prefix ""
found 0 keys for ""
No config found.
Using default configuration.
25734:M 01 Jan 16:07:09.037 * 1 changes in 3600 seconds. Saving...
25734:M 01 Jan 16:07:09.037 * Background saving started by pid 36744
36744:C 01 Jan 16:07:09.040 * DB saved on disk
25734:M 01 Jan 16:07:09.139 * Background saving terminated with success
25734:M 01 Jan 17:07:10.041 * 1 changes in 3600 seconds. Saving...
25734:M 01 Jan 17:07:10.042 * Background saving started by pid 48677
48677:C 01 Jan 17:07:10.045 * DB saved on disk
25734:M 01 Jan 17:07:10.145 * Background saving terminated with success
25734:M 01 Jan 18:07:11.000 * 1 changes in 3600 seconds. Saving...
25734:M 01 Jan 18:07:11.000 * Background saving started by pid 60447
60447:C 01 Jan 18:07:11.004 * DB saved on disk
25734:M 01 Jan 18:07:11.105 * Background saving terminated with success
No config found.
Using default configuration.
loading keys by prefix ""
found 0 keys for ""
loading keys by prefix ""
found 0 keys for ""
25734:M 01 Jan 20:05:38.227 * 1 changes in 3600 seconds. Saving...
25734:M 01 Jan 20:05:38.227 * Background saving started by pid 77955
77955:C 01 Jan 20:05:38.230 * DB saved on disk
25734:M 01 Jan 20:05:38.332 * Background saving terminated with success
25734:M 01 Jan 20:10:39.007 * 100 changes in 300 seconds. Saving...
25734:M 01 Jan 20:10:39.007 * Background saving started by pid 79785
79785:C 01 Jan 20:10:39.009 * DB saved on disk
25734:M 01 Jan 20:10:39.108 * Background saving terminated with success
No config found.
Using default configuration.
25734:M 01 Jan 20:15:38.535 * DB saved on disk
loading keys by prefix ""
found 78 keys for ""
loading key "SD.dr5rth" from "localhost:6379:0"
No config found.
Using default configuration.
No config found.
Using default configuration.
loading keys by prefix ""
found 78 keys for ""
loading key "SD.dr5rkw" from "localhost:6379:0"
loading key "SD.dr5rsu" from "localhost:6379:0"
No config found.
Using default configuration.
loading key "SD.dr5rvg" from "localhost:6379:0"
loading key "SD.dr5ryj" from "localhost:6379:0"
25734:M 01 Jan 20:20:39.040 * 100 changes in 300 seconds. Saving...
25734:M 01 Jan 20:20:39.041 * Background saving started by pid 81633
81633:C 01 Jan 20:20:39.044 * DB saved on disk
25734:M 01 Jan 20:20:39.142 * Background saving terminated with success
loading key "SD.dr5rt7" from "localhost:6379:0"
loading key "SD.dr5rt7" from "localhost:6379:0"
loading key "SD.dr5rvg" from "localhost:6379:0"
loading key "SD.dr5rvg" from "localhost:6379:0"
No config found.
Using default configuration.
loading keys by prefix ""
found 78 keys for ""
No config found.
Using default configuration.
25734:M 01 Jan 20:37:59.958 * 100 changes in 300 seconds. Saving...
25734:M 01 Jan 20:37:59.959 * Background saving started by pid 84402
84402:C 01 Jan 20:37:59.960 * DB saved on disk
25734:M 01 Jan 20:38:00.059 * Background saving terminated with success
25734:M 01 Jan 21:38:01.041 * 1 changes in 3600 seconds. Saving...
25734:M 01 Jan 21:38:01.041 * Background saving started by pid 94035
94035:C 01 Jan 21:38:01.044 * DB saved on disk
25734:M 01 Jan 21:38:01.143 * Background saving terminated with success
25734:signal-handler (1514974531) Received SIGTERM scheduling shutdown...
25734:M 03 Jan 15:45:31.104 # User requested shutdown...
25734:M 03 Jan 15:45:31.104 * Saving the final RDB snapshot before exiting.
25734:M 03 Jan 15:45:31.107 * DB saved on disk
25734:M 03 Jan 15:45:31.108 # Redis is now ready to exit, bye bye...
37299:C 07 Jan 16:32:40.370 # Warning: no config file specified, using the default config. In order to specify a config file use redis-server /path/to/redis.conf
37299:M 07 Jan 16:32:40.372 * Increased maximum number of open files to 10032 (it was originally set to 4864).
                _._                                                  
           _.-``__ ''-._                                             
      _.-``    `.  `_.  ''-._           Redis 3.2.11 (00000000/0) 64 bit
  .-`` .-```.  ```\/    _.,_ ''-._                                   
 (    '      ,       .-`  | `,    )     Running in standalone mode
 |`-._`-...-` __...-.``-._|'` _.-'|     Port: 6379
 |    `-._   `._    /     _.-'    |     PID: 37299
  `-._    `-._  `-./  _.-'    _.-'                                   
 |`-._`-._    `-.__.-'    _.-'_.-'|                                  
 |    `-._`-._        _.-'_.-'    |           http://redis.io        
  `-._    `-._`-.__.-'_.-'    _.-'                                   
 |`-._`-._    `-.__.-'    _.-'_.-'|                                  
 |    `-._`-._        _.-'_.-'    |                                  
  `-._    `-._`-.__.-'_.-'    _.-'                                   
      `-._    `-.__.-'    _.-'                                       
          `-._        _.-'                                           
              `-.__.-'                                               

37299:M 07 Jan 16:32:40.376 # Server started, Redis version 3.2.11
37299:M 07 Jan 16:32:40.376 * DB loaded from disk: 0.001 seconds
37299:M 07 Jan 16:32:40.376 * The server is now ready to accept connections on port 6379
{ Error: ENOENT: no such file or directory, open '/Users/dbarr/.redis-commander'
    at Error (native)
  errno: -2,
  code: 'ENOENT',
  syscall: 'open',
  path: '/Users/dbarr/.redis-commander' }
No config found or was invalid.
Using default configuration.
No Save: true
listening on  0.0.0.0 : 9099
Redis Connection localhost:6379 Using Redis DB #0
No config found.
Using default configuration.
loading keys by prefix ""
found 39 keys for ""
No config found.
Using default configuration.
37299:M 07 Jan 16:33:00.733 * DB saved on disk
loading keys by prefix ""
found 0 keys for ""
No config found.
Using default configuration.
37299:M 07 Jan 16:48:15.090 * 100 changes in 300 seconds. Saving...
37299:M 07 Jan 16:48:15.091 * Background saving started by pid 39954
39954:C 07 Jan 16:48:15.094 * DB saved on disk
37299:M 07 Jan 16:48:15.193 * Background saving terminated with success
37299:M 07 Jan 16:53:16.056 * 100 changes in 300 seconds. Saving...
37299:M 07 Jan 16:53:16.056 * Background saving started by pid 41949
41949:C 07 Jan 16:53:16.060 * DB saved on disk
37299:M 07 Jan 16:53:16.162 * Background saving terminated with success
No config found.
Using default configuration.
loading keys by prefix ""
found 117 keys for ""
No config found.
Using default configuration.
37299:M 07 Jan 17:53:17.029 * 1 changes in 3600 seconds. Saving...
37299:M 07 Jan 17:53:17.029 * Background saving started by pid 50519
50519:C 07 Jan 17:53:17.033 * DB saved on disk
37299:M 07 Jan 17:53:17.132 * Background saving terminated with success
No config found.
Using default configuration.
loading keys by prefix ""
found 78 keys for ""
37299:signal-handler (1515342217) Received SIGTERM scheduling shutdown...
37299:M 07 Jan 21:53:37.910 # User requested shutdown...
37299:M 07 Jan 21:53:37.911 * Saving the final RDB snapshot before exiting.
37299:M 07 Jan 21:53:37.914 * DB saved on disk
37299:M 07 Jan 21:53:37.914 # Redis is now ready to exit, bye bye...
39129:C 09 Jan 16:42:46.967 # Warning: no config file specified, using the default config. In order to specify a config file use redis-server /path/to/redis.conf
39129:M 09 Jan 16:42:46.969 * Increased maximum number of open files to 10032 (it was originally set to 4864).
                _._                                                  
           _.-``__ ''-._                                             
      _.-``    `.  `_.  ''-._           Redis 3.2.11 (00000000/0) 64 bit
  .-`` .-```.  ```\/    _.,_ ''-._                                   
 (    '      ,       .-`  | `,    )     Running in standalone mode
 |`-._`-...-` __...-.``-._|'` _.-'|     Port: 6379
 |    `-._   `._    /     _.-'    |     PID: 39129
  `-._    `-._  `-./  _.-'    _.-'                                   
 |`-._`-._    `-.__.-'    _.-'_.-'|                                  
 |    `-._`-._        _.-'_.-'    |           http://redis.io        
  `-._    `-._`-.__.-'_.-'    _.-'                                   
 |`-._`-._    `-.__.-'    _.-'_.-'|                                  
 |    `-._`-._        _.-'_.-'    |                                  
  `-._    `-._`-.__.-'_.-'    _.-'                                   
      `-._    `-.__.-'    _.-'                                       
          `-._        _.-'                                           
              `-.__.-'                                               

39129:M 09 Jan 16:42:46.973 # Server started, Redis version 3.2.11
39129:M 09 Jan 16:42:46.974 * DB loaded from disk: 0.001 seconds
39129:M 09 Jan 16:42:46.974 * The server is now ready to accept connections on port 6379
{ Error: ENOENT: no such file or directory, open '/Users/dbarr/.redis-commander'
    at Error (native)
  errno: -2,
  code: 'ENOENT',
  syscall: 'open',
  path: '/Users/dbarr/.redis-commander' }
No config found or was invalid.
Using default configuration.
No Save: true
listening on  0.0.0.0 : 9099
Redis Connection localhost:6379 Using Redis DB #0
No config found.
Using default configuration.
loading keys by prefix ""
found 78 keys for ""
No config found.
Using default configuration.
39129:M 09 Jan 16:43:08.473 * DB saved on disk
loading keys by prefix ""
found 0 keys for ""
No config found.
Using default configuration.
39129:M 09 Jan 16:49:52.866 * 100 changes in 300 seconds. Saving...
39129:M 09 Jan 16:49:52.868 * Background saving started by pid 41188
41188:C 09 Jan 16:49:52.869 * DB saved on disk
39129:M 09 Jan 16:49:52.969 * Background saving terminated with success
39129:M 09 Jan 17:49:53.046 * 1 changes in 3600 seconds. Saving...
39129:M 09 Jan 17:49:53.047 * Background saving started by pid 51256
51256:C 09 Jan 17:49:53.052 * DB saved on disk
39129:M 09 Jan 17:49:53.148 * Background saving terminated with success
39129:M 09 Jan 18:06:52.213 * 100 changes in 300 seconds. Saving...
39129:M 09 Jan 18:06:52.214 * Background saving started by pid 54809
54809:C 09 Jan 18:06:52.217 * DB saved on disk
39129:M 09 Jan 18:06:52.314 * Background saving terminated with success
